1683732282920	geckodriver	INFO	Listening on 127.0.0.1:35627
1683732283097	mozrunner::runner	INFO	Running command: MOZ_CRASHREPORTER="1" MOZ_CRASHREPORTER_NO_REPORT="1" MOZ_CRASHREPORTER_SHUTDOWN="1" MOZ_NO_REMOTE="1" "/usr ... ox" "--remote-debugging-port" "34675" "--remote-allow-hosts" "localhost" "-no-remote" "-profile" "/tmp/rust_mozprofilelNFueC"
*** You are running in headless mode.
console.warn: services.settings: Ignoring preference override of remote settings server
console.warn: services.settings: Allow by setting MOZ_REMOTE_SETTINGS_DEVTOOLS=1 in the environment
[GFX1-]: glxtest: Unable to open a connection to the X server
1683732301941	Marionette	INFO	Marionette enabled
1683732301955	Marionette	INFO	Listening on port 41439
Read port: 41439
console.error: "Warning: unrecognized command line flag -ignore-certificate-errors\n"
console.error: "Warning: unrecognized command line flag -disable-extensions\n"
console.error: "Warning: unrecognized command line flag -proxy-server\n"
console.error: "Warning: unrecognized command line flag -proxy-bypass-list\n"
console.error: "Warning: unrecognized command line flag -start-maximized\n"
console.error: "Warning: unrecognized command line flag -disable-dev-shm-usage\n"
Read port: 41439
Read port: 41439
WebDriver BiDi listening on ws://127.0.0.1:34675
1683732304892	RemoteAgent	WARN	TLS certificate errors will be ignored for this session
[GFX1-]: RenderCompositorSWGL failed mapping default framebuffer, no dt
console.error: ({})
console.warn: SearchSettings: "get: No settings file exists, new profile?" (new NotFoundError("Could not open the file at /tmp/rust_mozprofilelNFueC/search.json.mozlz4", (void 0)))
[ERROR glean_core] Error setting metrics feature config: Json(Error("EOF while parsing a value", line: 1, column: 0))
DevTools listening on ws://127.0.0.1:34675/devtools/browser/5271deca-1e06-4a9d-bd24-dafd28440fce
JavaScript warning: https://opensea.io/_next/static/chunks/main-ae31bbd290f75bdd.js, line 1: unreachable code after return statement
JavaScript warning: https://opensea.io/_next/static/chunks/75314-e2eb7da5a9a9d3b5.js, line 1: WebGL warning: <Create>: WebglAllowWindowsNativeGl:false restricts context creation on this system.
JavaScript warning: https://opensea.io/_next/static/chunks/75314-e2eb7da5a9a9d3b5.js, line 1: Failed to create WebGL context: WebGL creation failed: 
* WebglAllowWindowsNativeGl:false restricts context creation on this system. ()
* Exhausted GL driver options. (FEATURE_FAILURE_WEBGL_EXHAUSTED_DRIVERS)
JavaScript warning: https://opensea.io/_next/static/chunks/75314-e2eb7da5a9a9d3b5.js, line 1: WebGL warning: <Create>: WebglAllowWindowsNativeGl:false restricts context creation on this system.
JavaScript warning: https://opensea.io/_next/static/chunks/75314-e2eb7da5a9a9d3b5.js, line 1: Failed to create WebGL context: WebGL creation failed: 
* WebglAllowWindowsNativeGl:false restricts context creation on this system. ()
* Exhausted GL driver options. (FEATURE_FAILURE_WEBGL_EXHAUSTED_DRIVERS)
ALSA lib seq_hw.c:466:(snd_seq_hw_open) open /dev/snd/seq failed: Permission denied
